[2024-11-20T14:24:35.663734+01:00] name.WARNING: Se ha guardado una habitación:  [] []
[2024-11-20T14:24:43.461073+01:00] name.WARNING: Se ha guardado una habitación: sdfs [] []
[2024-11-20T14:34:06.842473+01:00] name.WARNING: Se ha guardado una habitación: sfsd [] []
[2024-11-20T14:35:01.588356+01:00] name.WARNING: Se ha guardado una habitación: dqdq [] []
[2024-11-20T14:37:03.117595+01:00] name.WARNING: Se ha guardado una habitación: sdfgwg [] []
[2024-11-20T14:38:17.652346+01:00] name.WARNING: Se ha guardado una habitación: svs [] []
[2024-11-20T15:31:29.864230+01:00] name.WARNING: Se ha guardado una habitación: ascasc [] []
[2024-11-21T09:43:34.392302+01:00] name.WARNING: Se ha guardado una habitación: Casa Piña [] []
[2024-11-21T09:47:02.283606+01:00] name.WARNING: Se ha guardado una habitación: Camping [] []
[2024-11-21T09:50:23.573587+01:00] name.WARNING: Se ha guardado una habitación: Hotel Melia [] []
[2024-11-21T09:53:23.450890+01:00] name.WARNING: Se ha guardado una habitación: Casa Juan [] []
[2024-11-21T10:01:13.145649+01:00] name.WARNING: Se ha guardado una habitación: Refugio Ordesa [] []
[2024-11-21T10:03:34.833886+01:00] name.WARNING: Se ha guardado un evento: fwefew [] []
[2024-11-21T10:23:17.886919+01:00] name.WARNING: Se ha guardado un evento: Ruta Ordesa [] []
[2024-11-21T10:26:08.687092+01:00] name.WARNING: Se ha guardado un evento: Festivern [] []
[2024-11-21T10:32:34.670299+01:00] name.WARNING: Se ha guardado un evento: Transpirenaica [] []
[2024-11-22T10:21:23.023475+01:00] name.WARNING: Se ha creado el usuario: User1 [] []
[2024-11-22T12:05:09.713986+01:00] name.WARNING: Se ha creado el usuario: 1234 [] []
[2024-11-22T12:35:33.771824+01:00] name.WARNING: Se ha creado el usuario: pepe [] []
[2024-11-22T12:50:22.666612+01:00] name.WARNING: Se ha creado el usuario: pepe [] []
[2024-11-25T11:15:36.762683+01:00] name.WARNING: Se ha creado el usuario: admin [] []
[2024-11-25T12:38:19.051993+01:00] name.WARNING: Se ha creado el usuario: dwdw [] []
[2024-11-25T12:44:22.084157+01:00] name.WARNING: Se ha creado el usuario: 123 [] []
